
> restaurant-saas-ui@0.1.0 dev
> next dev -p 3000 --port 3000

  ▲ Next.js 14.2.35
  - Local:        http://localhost:3000

 ✓ Starting...
 ✓ Ready in 2.8s
 ○ Compiling / ...
 ✓ Compiled / in 11.5s (3713 modules)
 GET / 200 in 3555ms
 ○ Compiling /comandas ...
 ✓ Compiled /comandas in 2s (3764 modules)
 ○ Compiling /plano-mesas ...
 ✓ Compiled /plano-mesas in 712ms (3790 modules)
 ○ Compiling /carta ...
 ✓ Compiled /carta in 542ms (3812 modules)
 ○ Compiling /categorias ...
 ✓ Compiled /categorias in 2s (3926 modules)
 ○ Compiling /productos ...
 ✓ Compiled /productos in 591ms (3934 modules)
 ○ Compiling /ingredientes ...
 ✓ Compiled /ingredientes in 604ms (3946 modules)
 ○ Compiling /inventario ...
 ✓ Compiled /inventario in 597ms (3962 modules)
 ○ Compiling /pos ...
 ✓ Compiled /pos in 559ms (3976 modules)
 ○ Compiling /kds ...
 ✓ Compiled /kds in 600ms (3994 modules)
 ○ Compiling /personal ...
 ✓ Compiled /personal in 1010ms (4036 modules)
 ○ Compiling /reportes ...
 ✓ Compiled /reportes in 1179ms (4092 modules)
 ○ Compiling /reservas ...
 ✓ Compiled /reservas in 718ms (4104 modules)
 ○ Compiling /promociones ...
 ✓ Compiled /promociones in 776ms (4116 modules)
 ○ Compiling /settings ...
 ✓ Compiled /settings in 736ms (4126 modules)
 GET /promociones 200 in 2441ms
 GET / 200 in 231ms
 ✓ Compiled in 3.1s (2030 modules)
 ✓ Compiled in 515ms (2030 modules)
 ✓ Compiled in 527ms (2030 modules)
 ✓ Compiled in 467ms (2030 modules)
 ✓ Compiled in 423ms (2030 modules)
 ✓ Compiled in 563ms (2030 modules)
 ✓ Compiled in 538ms (2030 modules)
 ✓ Compiled in 434ms (2030 modules)
 ✓ Compiled in 448ms (2030 modules)
 ✓ Compiled in 375ms (2030 modules)
 ✓ Compiled in 1254ms (3975 modules)
 ✓ Compiled in 777ms (2030 modules)
 ✓ Compiled in 817ms (3975 modules)
 ✓ Compiled in 467ms (2030 modules)
 ○ Compiling /plano-mesas ...
 ✓ Compiled /plano-mesas in 1407ms (1956 modules)
 ✓ Compiled /carta in 348ms (1964 modules)
 ✓ Compiled /categorias in 435ms (2018 modules)
 ✓ Compiled /productos in 369ms (2023 modules)
 ✓ Compiled in 1928ms (4044 modules)
 GET /productos 200 in 499ms
 ✓ Compiled /ingredientes in 488ms (2020 modules)
 ✓ Compiled /pos in 361ms (2028 modules)
 ✓ Compiled in 1050ms (2030 modules)
 ✓ Compiled in 506ms (2030 modules)
 ✓ Compiled in 430ms (2030 modules)
 ✓ Compiled in 472ms (2030 modules)
 ✓ Compiled in 412ms (2030 modules)
 ✓ Compiled in 686ms (2030 modules)
 ✓ Compiled in 483ms (2030 modules)
 ✓ Compiled in 429ms (2030 modules)
 ✓ Compiled in 495ms (2030 modules)
 ✓ Compiled in 431ms (2030 modules)
 ○ Compiling /_error ...
 GET /pos 500 in 81ms
 GET /promociones 500 in 89ms
 ✓ Compiled /_not-found in 3.5s (3663 modules)
 GET /_next/static/webpack/5ce2e1054b0a88e0.webpack.hot-update.json 404 in 3752ms
 GET /_next/static/webpack/5ce2e1054b0a88e0.webpack.hot-update.json 404 in 139ms
 GET /promociones 200 in 386ms
 GET /pos 200 in 179ms
 ✓ Compiled in 1359ms (3674 modules)
 ✓ Compiled in 802ms (3674 modules)
 ○ Compiling /reservas ...
 ✓ Compiled /reservas in 832ms (1463 modules)
 ✓ Compiled in 1139ms (3664 modules)
 ✓ Compiled in 872ms (2223 modules)
 ✓ Compiled in 592ms (2223 modules)
 ○ Compiling /reportes ...
 ✓ Compiled /reportes in 1995ms (2013 modules)
 ✓ Compiled /personal in 421ms (2038 modules)
 ✓ Compiled /kds in 355ms (2040 modules)
 ✓ Compiled /inventario in 476ms (2044 modules)
 ✓ Compiled in 623ms (2223 modules)
 ✓ Compiled /ingredientes in 305ms (2052 modules)
 ✓ Compiled /productos in 274ms (2057 modules)
 ○ Compiling /categorias ...
 ✓ Compiled /categorias in 585ms (2095 modules)
 ○ Compiling /carta ...
 ✓ Compiled /carta in 536ms (2101 modules)
 ○ Compiling /plano-mesas ...
 ✓ Compiled /plano-mesas in 546ms (2114 modules)
 ○ Compiling / ...
 ✓ Compiled / in 575ms (2129 modules)
 ○ Compiling /comandas ...
 ✓ Compiled /comandas in 1171ms (2143 modules)
 ✓ Compiled /ambientes in 494ms (2151 modules)
 ✓ Compiled in 17.8s (3724 modules)
 ✓ Compiled in 848ms (2223 modules)
 ✓ Compiled in 842ms (2223 modules)
 ✓ Compiled in 810ms (2223 modules)
 ✓ Compiled in 1083ms (2223 modules)
 ✓ Compiled in 1011ms (2228 modules)
 ✓ Compiled in 1082ms (2226 modules)
 ✓ Compiled in 714ms (2226 modules)
 ✓ Compiled in 700ms (2226 modules)
 ✓ Compiled in 624ms (2226 modules)
 ✓ Compiled in 580ms (2226 modules)
 ✓ Compiled in 607ms (2226 modules)
 ✓ Compiled in 562ms (2226 modules)
 ✓ Compiled in 803ms (2226 modules)
 ✓ Compiled in 716ms (2226 modules)
 ✓ Compiled in 799ms (2226 modules)
 ✓ Compiled in 783ms (2226 modules)
 ✓ Compiled in 789ms (2226 modules)
 ✓ Compiled in 569ms (2226 modules)
 ✓ Compiled in 653ms (2226 modules)
 ✓ Compiled in 1847ms (3727 modules)
 ✓ Compiled in 1390ms (3730 modules)
 ✓ Compiled in 1037ms (3730 modules)
 ✓ Compiled in 2s (3727 modules)
 ✓ Compiled in 1374ms (3727 modules)
 ✓ Compiled in 1153ms (3729 modules)
 ✓ Compiled in 866ms (3729 modules)
 ✓ Compiled in 904ms (3729 modules)
 ✓ Compiled in 3.4s (3729 modules)
 ✓ Compiled in 1124ms (3729 modules)
 ✓ Compiled in 1134ms (3729 modules)
 ✓ Compiled in 1005ms (3729 modules)
 ✓ Compiled in 3s (3731 modules)
 ✓ Compiled in 1870ms (3731 modules)
 ✓ Compiled in 1338ms (3731 modules)
 ✓ Compiled in 989ms (3731 modules)
 ✓ Compiled in 948ms (3729 modules)
 ✓ Compiled in 1142ms (3729 modules)
 ✓ Compiled in 1379ms (3729 modules)
 ✓ Compiled in 1129ms (3729 modules)
 ✓ Compiled in 1119ms (3729 modules)
 ✓ Compiled in 1835ms (3729 modules)
 ○ Compiling / ...
[?25h
